<?xml version="1.0" encoding="UTF-8"?>
<testsuite name="testingpractice.MainTest" tests="1" skipped="0" failures="0" errors="0" timestamp="2020-03-03T16:59:20" hostname="DESKTOP-2074MOS" time="0.01">
  <properties/>
  <testcase name="testException()" classname="testingpractice.MainTest" time="0.01"/>
  <system-out><![CDATA[Cleaning up....
]]></system-out>
  <system-err><![CDATA[]]></system-err>
</testsuite>
