<?xml version="1.0" encoding="UTF-8"?>
<testsuite name="testingpractice.MainTest" tests="3" skipped="0" failures="0" errors="0" timestamp="2020-02-28T23:38:57" hostname="DESKTOP-2074MOS" time="0.017">
  <properties/>
  <testcase name="testAdd()" classname="testingpractice.MainTest" time="0.011"/>
  <testcase name="testDivide()" classname="testingpractice.MainTest" time="0.002"/>
  <testcase name="testMultiply()" classname="testingpractice.MainTest" time="0.004"/>
  <system-out><![CDATA[Cleaning up....
Cleaning up....
Cleaning up....
]]></system-out>
  <system-err><![CDATA[]]></system-err>
</testsuite>
