<?xml version="1.0" encoding="UTF-8"?>
<testsuite name="testingpractice.MainTest$AddTest" tests="2" skipped="0" failures="0" errors="0" timestamp="2020-02-28T23:38:57" hostname="DESKTOP-2074MOS" time="0.002">
  <properties/>
  <testcase name="testAddPositive()" classname="testingpractice.MainTest$AddTest" time="0.001"/>
  <testcase name="testAddNegative()" classname="testingpractice.MainTest$AddTest" time="0.0"/>
  <system-out><![CDATA[Cleaning up....
Cleaning up....
]]></system-out>
  <system-err><![CDATA[]]></system-err>
</testsuite>
